[2026-06-08 05:36:52] local.ERROR: SQLSTATE[42S02]: Base table or view not found: 1146 Table 'analitik_pertemuan11.sessions' doesn't exist (Connection: mysql, Host: 127.0.0.1, Port: 3306, Database: analitik_pertemuan11, SQL: select * from `sessions` where `id` = X8i0MjkUUzmeP4lgIBqWSgB2e4YLH5mwEdXbOQv7 limit 1) {"exception":"[object] (Illuminate\\Database\\QueryException(code: 42S02): SQLSTATE[42S02]: Base table or view not found: 1146 Table 'analitik_pertemuan11.sessions' doesn't exist (Connection: mysql, Host: 127.0.0.1, Port: 3306, Database: analitik_pertemuan11, SQL: select * from `sessions` where `id` = X8i0MjkUUzmeP4lgIBqWSgB2e4YLH5mwEdXbOQv7 limit 1) at C:/xampp/htdocs/Semester 6/analitik dan visualisasi data/Pertemuan 11/Analitik-Virtualisasi-Data/vendor/laravel/framework/src/Illuminate/Database/Connection.php:841)
[stacktrace]
#0 C:/xampp/htdocs/Semester 6/analitik dan visualisasi data/Pertemuan 11/Analitik-Virtualisasi-Data/vendor/laravel/framework/src/Illuminate/Database/Connection.php(797): Illuminate/Database/Connection->runQueryCallback('select * from `...', Array, Object(Closure))
#1 C:/xampp/htdocs/Semester 6/analitik dan visualisasi data/Pertemuan 11/Analitik-Virtualisasi-Data/vendor/laravel/framework/src/Illuminate/Database/Connection.php(412): Illuminate/Database/Connection->run('select * from `...', Array, Object(Closure))
#2 C:/xampp/htdocs/Semester 6/analitik dan visualisasi data/Pertemuan 11/Analitik-Virtualisasi-Data/vendor/laravel/framework/src/Illuminate/Database/Query/Builder.php(3562): Illuminate/Database/Connection->select('select * from `...', Array, false, Array)
#3 C:/xampp/htdocs/Semester 6/analitik dan visualisasi data/Pertemuan 11/Analitik-Virtualisasi-Data/vendor/laravel/framework/src/Illuminate/Database/Query/Builder.php(3546): Illuminate/Database/Query/Builder->runSelect()
#4 C:/xampp/htdocs/Semester 6/analitik dan visualisasi data/Pertemuan 11/Analitik-Virtualisasi-Data/vendor/laravel/framework/src/Illuminate/Database/Concerns/BuildsQueries.php(367): Illuminate/Database/Query/Builder->get(Array)
#5 C:/xampp/htdocs/Semester 6/analitik dan visualisasi data/Pertemuan 11/Analitik-Virtualisasi-Data/vendor/laravel/framework/src/Illuminate/Database/Query/Builder.php(3464): Illuminate/Database/Query/Builder->first(Array)
#6 C:/xampp/htdocs/Semester 6/analitik dan visualisasi data/Pertemuan 11/Analitik-Virtualisasi-Data/vendor/laravel/framework/src/Illuminate/Session/DatabaseSessionHandler.php(96): Illuminate/Database/Query/Builder->find('X8i0MjkUUzmeP4l...')
#7 C:/xampp/htdocs/Semester 6/analitik dan visualisasi data/Pertemuan 11/Analitik-Virtualisasi-Data/vendor/laravel/framework/src/Illuminate/Session/Store.php(128): Illuminate/Session/DatabaseSessionHandler->read('X8i0MjkUUzmeP4l...')
#8 C:/xampp/htdocs/Semester 6/analitik dan visualisasi data/Pertemuan 11/Analitik-Virtualisasi-Data/vendor/laravel/framework/src/Illuminate/Session/Store.php(116): Illuminate/Session/Store->readFromHandler()
#9 C:/xampp/htdocs/Semester 6/analitik dan visualisasi data/Pertemuan 11/Analitik-Virtualisasi-Data/vendor/laravel/framework/src/Illuminate/Session/Store.php(100): Illuminate/Session/Store->loadSession()
#10 C:/xampp/htdocs/Semester 6/analitik dan visualisasi data/Pertemuan 11/Analitik-Virtualisasi-Data/vendor/laravel/framework/src/Illuminate/Session/Middleware/StartSession.php(146): Illuminate/Session/Store->start()
#11 C:/xampp/htdocs/Semester 6/analitik dan visualisasi data/Pertemuan 11/Analitik-Virtualisasi-Data/vendor/laravel/framework/src/Illuminate/Support/helpers.php(393): Illuminate/Session/Middleware/StartSession->Illuminate/Session/Middleware/{closure}(Object(Illuminate/Session/Store))
#12 C:/xampp/htdocs/Semester 6/analitik dan visualisasi data/Pertemuan 11/Analitik-Virtualisasi-Data/vendor/laravel/framework/src/Illuminate/Session/Middleware/StartSession.php(143): tap(Object(Illuminate/Session/Store), Object(Closure))
#13 C:/xampp/htdocs/Semester 6/analitik dan visualisasi data/Pertemuan 11/Analitik-Virtualisasi-Data/vendor/laravel/framework/src/Illuminate/Session/Middleware/StartSession.php(115): Illuminate/Session/Middleware/StartSession->startSession(Object(Illuminate/Http/Request), Object(Illuminate/Session/Store))
#14 C:/xampp/htdocs/Semester 6/analitik dan visualisasi data/Pertemuan 11/Analitik-Virtualisasi-Data/vendor/laravel/framework/src/Illuminate/Session/Middleware/StartSession.php(63): Illuminate/Session/Middleware/StartSession->handleStatefulRequest(Object(Illuminate/Http/Request), Object(Illuminate/Session/Store), Object(Closure))
#15 C:/xampp/htdocs/Semester 6/analitik dan visualisasi data/Pertemuan 11/Analitik-Virtualisasi-Data/vendor/laravel/framework/src/Illuminate/Pipeline/Pipeline.php(219): Illuminate/Session/Middleware/StartSession->handle(Object(Illuminate/Http/Request), Object(Closure))
#16 C:/xampp/htdocs/Semester 6/analitik dan visualisasi data/Pertemuan 11/Analitik-Virtualisasi-Data/vendor/laravel/framework/src/Illuminate/Cookie/Middleware/AddQueuedCookiesToResponse.php(36): Illuminate/Pipeline/Pipeline->Illuminate/Pipeline/{closure}(Object(Illuminate/Http/Request))
#17 C:/xampp/htdocs/Semester 6/analitik dan visualisasi data/Pertemuan 11/Analitik-Virtualisasi-Data/vendor/laravel/framework/src/Illuminate/Pipeline/Pipeline.php(219): Illuminate/Cookie/Middleware/AddQueuedCookiesToResponse->handle(Object(Illuminate/Http/Request), Object(Closure))
#18 C:/xampp/htdocs/Semester 6/analitik dan visualisasi data/Pertemuan 11/Analitik-Virtualisasi-Data/vendor/laravel/framework/src/Illuminate/Cookie/Middleware/EncryptCookies.php(74): Illuminate/Pipeline/Pipeline->Illuminate/Pipeline/{closure}(Object(Illuminate/Http/Request))
#19 C:/xampp/htdocs/Semester 6/analitik dan visualisasi data/Pertemuan 11/Analitik-Virtualisasi-Data/vendor/laravel/framework/src/Illuminate/Pipeline/Pipeline.php(219): Illuminate/Cookie/Middleware/EncryptCookies->handle(Object(Illuminate/Http/Request), Object(Closure))
#20 C:/xampp/htdocs/Semester 6/analitik dan visualisasi data/Pertemuan 11/Analitik-Virtualisasi-Data/vendor/laravel/framework/src/Illuminate/Pipeline/Pipeline.php(137): Illuminate/Pipeline/Pipeline->Illuminate/Pipeline/{closure}(Object(Illuminate/Http/Request))
#21 C:/xampp/htdocs/Semester 6/analitik dan visualisasi data/Pertemuan 11/Analitik-Virtualisasi-Data/vendor/laravel/framework/src/Illuminate/Routing/Router.php(821): Illuminate/Pipeline/Pipeline->then(Object(Closure))
#22 C:/xampp/htdocs/Semester 6/analitik dan visualisasi data/Pertemuan 11/Analitik-Virtualisasi-Data/vendor/laravel/framework/src/Illuminate/Routing/Router.php(800): Illuminate/Routing/Router->runRouteWithinStack(Object(Illuminate/Routing/Route), Object(Illuminate/Http/Request))
#23 C:/xampp/htdocs/Semester 6/analitik dan visualisasi data/Pertemuan 11/Analitik-Virtualisasi-Data/vendor/laravel/framework/src/Illuminate/Routing/Router.php(764): Illuminate/Routing/Router->runRoute(Object(Illuminate/Http/Request), Object(Illuminate/Routing/Route))
#24 C:/xampp/htdocs/Semester 6/analitik dan visualisasi data/Pertemuan 11/Analitik-Virtualisasi-Data/vendor/laravel/framework/src/Illuminate/Routing/Router.php(753): Illuminate/Routing/Router->dispatchToRoute(Object(Illuminate/Http/Request))
#25 C:/xampp/htdocs/Semester 6/analitik dan visualisasi data/Pertemuan 11/Analitik-Virtualisasi-Data/vendor/laravel/framework/src/Illuminate/Foundation/Http/Kernel.php(200): Illuminate/Routing/Router->dispatch(Object(Illuminate/Http/Request))
#26 C:/xampp/htdocs/Semester 6/analitik dan visualisasi data/Pertemuan 11/Analitik-Virtualisasi-Data/vendor/laravel/framework/src/Illuminate/Pipeline/Pipeline.php(180): Illuminate/Foundation/Http/Kernel->Illuminate/Foundation/Http/{closure}(Object(Illuminate/Http/Request))
#27 C:/xampp/htdocs/Semester 6/analitik dan visualisasi data/Pertemuan 11/Analitik-Virtualisasi-Data/vendor/laravel/framework/src/Illuminate/Foundation/Http/Middleware/TransformsRequest.php(21): Illuminate/Pipeline/Pipeline->Illuminate/Pipeline/{closure}(Object(Illuminate/Http/Request))
#28 C:/xampp/htdocs/Semester 6/analitik dan visualisasi data/Pertemuan 11/Analitik-Virtualisasi-Data/vendor/laravel/framework/src/Illuminate/Foundation/Http/Middleware/ConvertEmptyStringsToNull.php(31): Illuminate/Foundation/Http/Middleware/TransformsRequest->handle(Object(Illuminate/Http/Request), Object(Closure))
#29 C:/xampp/htdocs/Semester 6/analitik dan visualisasi data/Pertemuan 11/Analitik-Virtualisasi-Data/vendor/laravel/framework/src/Illuminate/Pipeline/Pipeline.php(219): Illuminate/Foundation/Http/Middleware/ConvertEmptyStringsToNull->handle(Object(Illuminate/Http/Request), Object(Closure))
#30 C:/xampp/htdocs/Semester 6/analitik dan visualisasi data/Pertemuan 11/Analitik-Virtualisasi-Data/vendor/laravel/framework/src/Illuminate/Foundation/Http/Middleware/TransformsRequest.php(21): Illuminate/Pipeline/Pipeline->Illuminate/Pipeline/{closure}(Object(Illuminate/Http/Request))
#31 C:/xampp/htdocs/Semester 6/analitik dan visualisasi data/Pertemuan 11/Analitik-Virtualisasi-Data/vendor/laravel/framework/src/Illuminate/Foundation/Http/Middleware/TrimStrings.php(51): Illuminate/Foundation/Http/Middleware/TransformsRequest->handle(Object(Illuminate/Http/Request), Object(Closure))
#32 C:/xampp/htdocs/Semester 6/analitik dan visualisasi data/Pertemuan 11/Analitik-Virtualisasi-Data/vendor/laravel/framework/src/Illuminate/Pipeline/Pipeline.php(219): Illuminate/Foundation/Http/Middleware/TrimStrings->handle(Object(Illuminate/Http/Request), Object(Closure))
#33 C:/xampp/htdocs/Semester 6/analitik dan visualisasi data/Pertemuan 11/Analitik-Virtualisasi-Data/vendor/laravel/framework/src/Illuminate/Http/Middleware/ValidatePostSize.php(27): Illuminate/Pipeline/Pipeline->Illuminate/Pipeline/{closure}(Object(Illuminate/Http/Request))
#34 C:/xampp/htdocs/Semester 6/analitik dan visualisasi data/Pertemuan 11/Analitik-Virtualisasi-Data/vendor/laravel/framework/src/Illuminate/Pipeline/Pipeline.php(219): Illuminate/Http/Middleware/ValidatePostSize->handle(Object(Illuminate/Http/Request), Object(Closure))
#35 C:/xampp/htdocs/Semester 6/analitik dan visualisasi data/Pertemuan 11/Analitik-Virtualisasi-Data/vendor/laravel/framework/src/Illuminate/Foundation/Http/Middleware/PreventRequestsDuringMaintenance.php(109): Illuminate/Pipeline/Pipeline->Illuminate/Pipeline/{closure}(Object(Illuminate/Http/Request))
#36 C:/xampp/htdocs/Semester 6/analitik dan visualisasi data/Pertemuan 11/Analitik-Virtualisasi-Data/vendor/laravel/framework/src/Illuminate/Pipeline/Pipeline.php(219): Illuminate/Foundation/Http/Middleware/PreventRequestsDuringMaintenance->handle(Object(Illuminate/Http/Request), Object(Closure))
#37 C:/xampp/htdocs/Semester 6/analitik dan visualisasi data/Pertemuan 11/Analitik-Virtualisasi-Data/vendor/laravel/framework/src/Illuminate/Http/Middleware/HandleCors.php(61): Illuminate/Pipeline/Pipeline->Illuminate/Pipeline/{closure}(Object(Illuminate/Http/Request))
#38 C:/xampp/htdocs/Semester 6/analitik dan visualisasi data/Pertemuan 11/Analitik-Virtualisasi-Data/vendor/laravel/framework/src/Illuminate/Pipeline/Pipeline.php(219): Illuminate/Http/Middleware/HandleCors->handle(Object(Illuminate/Http/Request), Object(Closure))
#39 C:/xampp/htdocs/Semester 6/analitik dan visualisasi data/Pertemuan 11/Analitik-Virtualisasi-Data/vendor/laravel/framework/src/Illuminate/Http/Middleware/TrustProxies.php(58): Illuminate/Pipeline/Pipeline->Illuminate/Pipeline/{closure}(Object(Illuminate/Http/Request))
#40 C:/xampp/htdocs/Semester 6/analitik dan visualisasi data/Pertemuan 11/Analitik-Virtualisasi-Data/vendor/laravel/framework/src/Illuminate/Pipeline/Pipeline.php(219): Illuminate/Http/Middleware/TrustProxies->handle(Object(Illuminate/Http/Request), Object(Closure))
#41 C:/xampp/htdocs/Semester 6/analitik dan visualisasi data/Pertemuan 11/Analitik-Virtualisasi-Data/vendor/laravel/framework/src/Illuminate/Foundation/Http/Middleware/InvokeDeferredCallbacks.php(22): Illuminate/Pipeline/Pipeline->Illuminate/Pipeline/{closure}(Object(Illuminate/Http/Request))
#42 C:/xampp/htdocs/Semester 6/analitik dan visualisasi data/Pertemuan 11/Analitik-Virtualisasi-Data/vendor/laravel/framework/src/Illuminate/Pipeline/Pipeline.php(219): Illuminate/Foundation/Http/Middleware/InvokeDeferredCallbacks->handle(Object(Illuminate/Http/Request), Object(Closure))
#43 C:/xampp/htdocs/Semester 6/analitik dan visualisasi data/Pertemuan 11/Analitik-Virtualisasi-Data/vendor/laravel/framework/src/Illuminate/Http/Middleware/ValidatePathEncoding.php(28): Illuminate/Pipeline/Pipeline->Illuminate/Pipeline/{closure}(Object(Illuminate/Http/Request))
#44 C:/xampp/htdocs/Semester 6/analitik dan visualisasi data/Pertemuan 11/Analitik-Virtualisasi-Data/vendor/laravel/framework/src/Illuminate/Pipeline/Pipeline.php(219): Illuminate/Http/Middleware/ValidatePathEncoding->handle(Object(Illuminate/Http/Request), Object(Closure))
#45 C:/xampp/htdocs/Semester 6/analitik dan visualisasi data/Pertemuan 11/Analitik-Virtualisasi-Data/vendor/laravel/framework/src/Illuminate/Pipeline/Pipeline.php(137): Illuminate/Pipeline/Pipeline->Illuminate/Pipeline/{closure}(Object(Illuminate/Http/Request))
#46 C:/xampp/htdocs/Semester 6/analitik dan visualisasi data/Pertemuan 11/Analitik-Virtualisasi-Data/vendor/laravel/framework/src/Illuminate/Foundation/Http/Kernel.php(175): Illuminate/Pipeline/Pipeline->then(Object(Closure))
#47 C:/xampp/htdocs/Semester 6/analitik dan visualisasi data/Pertemuan 11/Analitik-Virtualisasi-Data/vendor/laravel/framework/src/Illuminate/Foundation/Http/Kernel.php(144): Illuminate/Foundation/Http/Kernel->sendRequestThroughRouter(Object(Illuminate/Http/Request))
#48 C:/xampp/htdocs/Semester 6/analitik dan visualisasi data/Pertemuan 11/Analitik-Virtualisasi-Data/vendor/laravel/framework/src/Illuminate/Foundation/Application.php(1220): Illuminate/Foundation/Http/Kernel->handle(Object(Illuminate/Http/Request))
#49 C:/xampp/htdocs/Semester 6/analitik dan visualisasi data/Pertemuan 11/Analitik-Virtualisasi-Data/public/index.php(20): Illuminate/Foundation/Application->handleRequest(Object(Illuminate/Http/Request))
#50 C:/xampp/htdocs/Semester 6/analitik dan visualisasi data/Pertemuan 11/Analitik-Virtualisasi-Data/vendor/laravel/framework/src/Illuminate/Foundation/resources/server.php(23): require_once('C://xampp//htdocs...')
#51 {main}

[previous exception] [object] (PDOException(code: 42S02): SQLSTATE[42S02]: Base table or view not found: 1146 Table 'analitik_pertemuan11.sessions' doesn't exist at C:/xampp/htdocs/Semester 6/analitik dan visualisasi data/Pertemuan 11/Analitik-Virtualisasi-Data/vendor/laravel/framework/src/Illuminate/Database/Connection.php:421)
[stacktrace]
#0 C:/xampp/htdocs/Semester 6/analitik dan visualisasi data/Pertemuan 11/Analitik-Virtualisasi-Data/vendor/laravel/framework/src/Illuminate/Database/Connection.php(421): PDO->prepare('select * from `...')
#1 C:/xampp/htdocs/Semester 6/analitik dan visualisasi data/Pertemuan 11/Analitik-Virtualisasi-Data/vendor/laravel/framework/src/Illuminate/Database/Connection.php(830): Illuminate/Database/Connection->Illuminate/Database/{closure}('select * from `...', Array)
#2 C:/xampp/htdocs/Semester 6/analitik dan visualisasi data/Pertemuan 11/Analitik-Virtualisasi-Data/vendor/laravel/framework/src/Illuminate/Database/Connection.php(797): Illuminate/Database/Connection->runQueryCallback('select * from `...', Array, Object(Closure))
#3 C:/xampp/htdocs/Semester 6/analitik dan visualisasi data/Pertemuan 11/Analitik-Virtualisasi-Data/vendor/laravel/framework/src/Illuminate/Database/Connection.php(412): Illuminate/Database/Connection->run('select * from `...', Array, Object(Closure))
#4 C:/xampp/htdocs/Semester 6/analitik dan visualisasi data/Pertemuan 11/Analitik-Virtualisasi-Data/vendor/laravel/framework/src/Illuminate/Database/Query/Builder.php(3562): Illuminate/Database/Connection->select('select * from `...', Array, false, Array)
#5 C:/xampp/htdocs/Semester 6/analitik dan visualisasi data/Pertemuan 11/Analitik-Virtualisasi-Data/vendor/laravel/framework/src/Illuminate/Database/Query/Builder.php(3546): Illuminate/Database/Query/Builder->runSelect()
#6 C:/xampp/htdocs/Semester 6/analitik dan visualisasi data/Pertemuan 11/Analitik-Virtualisasi-Data/vendor/laravel/framework/src/Illuminate/Database/Concerns/BuildsQueries.php(367): Illuminate/Database/Query/Builder->get(Array)
#7 C:/xampp/htdocs/Semester 6/analitik dan visualisasi data/Pertemuan 11/Analitik-Virtualisasi-Data/vendor/laravel/framework/src/Illuminate/Database/Query/Builder.php(3464): Illuminate/Database/Query/Builder->first(Array)
#8 C:/xampp/htdocs/Semester 6/analitik dan visualisasi data/Pertemuan 11/Analitik-Virtualisasi-Data/vendor/laravel/framework/src/Illuminate/Session/DatabaseSessionHandler.php(96): Illuminate/Database/Query/Builder->find('X8i0MjkUUzmeP4l...')
#9 C:/xampp/htdocs/Semester 6/analitik dan visualisasi data/Pertemuan 11/Analitik-Virtualisasi-Data/vendor/laravel/framework/src/Illuminate/Session/Store.php(128): Illuminate/Session/DatabaseSessionHandler->read('X8i0MjkUUzmeP4l...')
#10 C:/xampp/htdocs/Semester 6/analitik dan visualisasi data/Pertemuan 11/Analitik-Virtualisasi-Data/vendor/laravel/framework/src/Illuminate/Session/Store.php(116): Illuminate/Session/Store->readFromHandler()
#11 C:/xampp/htdocs/Semester 6/analitik dan visualisasi data/Pertemuan 11/Analitik-Virtualisasi-Data/vendor/laravel/framework/src/Illuminate/Session/Store.php(100): Illuminate/Session/Store->loadSession()
#12 C:/xampp/htdocs/Semester 6/analitik dan visualisasi data/Pertemuan 11/Analitik-Virtualisasi-Data/vendor/laravel/framework/src/Illuminate/Session/Middleware/StartSession.php(146): Illuminate/Session/Store->start()
#13 C:/xampp/htdocs/Semester 6/analitik dan visualisasi data/Pertemuan 11/Analitik-Virtualisasi-Data/vendor/laravel/framework/src/Illuminate/Support/helpers.php(393): Illuminate/Session/Middleware/StartSession->Illuminate/Session/Middleware/{closure}(Object(Illuminate/Session/Store))
#14 C:/xampp/htdocs/Semester 6/analitik dan visualisasi data/Pertemuan 11/Analitik-Virtualisasi-Data/vendor/laravel/framework/src/Illuminate/Session/Middleware/StartSession.php(143): tap(Object(Illuminate/Session/Store), Object(Closure))
#15 C:/xampp/htdocs/Semester 6/analitik dan visualisasi data/Pertemuan 11/Analitik-Virtualisasi-Data/vendor/laravel/framework/src/Illuminate/Session/Middleware/StartSession.php(115): Illuminate/Session/Middleware/StartSession->startSession(Object(Illuminate/Http/Request), Object(Illuminate/Session/Store))
#16 C:/xampp/htdocs/Semester 6/analitik dan visualisasi data/Pertemuan 11/Analitik-Virtualisasi-Data/vendor/laravel/framework/src/Illuminate/Session/Middleware/StartSession.php(63): Illuminate/Session/Middleware/StartSession->handleStatefulRequest(Object(Illuminate/Http/Request), Object(Illuminate/Session/Store), Object(Closure))
#17 C:/xampp/htdocs/Semester 6/analitik dan visualisasi data/Pertemuan 11/Analitik-Virtualisasi-Data/vendor/laravel/framework/src/Illuminate/Pipeline/Pipeline.php(219): Illuminate/Session/Middleware/StartSession->handle(Object(Illuminate/Http/Request), Object(Closure))
#18 C:/xampp/htdocs/Semester 6/analitik dan visualisasi data/Pertemuan 11/Analitik-Virtualisasi-Data/vendor/laravel/framework/src/Illuminate/Cookie/Middleware/AddQueuedCookiesToResponse.php(36): Illuminate/Pipeline/Pipeline->Illuminate/Pipeline/{closure}(Object(Illuminate/Http/Request))
#19 C:/xampp/htdocs/Semester 6/analitik dan visualisasi data/Pertemuan 11/Analitik-Virtualisasi-Data/vendor/laravel/framework/src/Illuminate/Pipeline/Pipeline.php(219): Illuminate/Cookie/Middleware/AddQueuedCookiesToResponse->handle(Object(Illuminate/Http/Request), Object(Closure))
#20 C:/xampp/htdocs/Semester 6/analitik dan visualisasi data/Pertemuan 11/Analitik-Virtualisasi-Data/vendor/laravel/framework/src/Illuminate/Cookie/Middleware/EncryptCookies.php(74): Illuminate/Pipeline/Pipeline->Illuminate/Pipeline/{closure}(Object(Illuminate/Http/Request))
#21 C:/xampp/htdocs/Semester 6/analitik dan visualisasi data/Pertemuan 11/Analitik-Virtualisasi-Data/vendor/laravel/framework/src/Illuminate/Pipeline/Pipeline.php(219): Illuminate/Cookie/Middleware/EncryptCookies->handle(Object(Illuminate/Http/Request), Object(Closure))
#22 C:/xampp/htdocs/Semester 6/analitik dan visualisasi data/Pertemuan 11/Analitik-Virtualisasi-Data/vendor/laravel/framework/src/Illuminate/Pipeline/Pipeline.php(137): Illuminate/Pipeline/Pipeline->Illuminate/Pipeline/{closure}(Object(Illuminate/Http/Request))
#23 C:/xampp/htdocs/Semester 6/analitik dan visualisasi data/Pertemuan 11/Analitik-Virtualisasi-Data/vendor/laravel/framework/src/Illuminate/Routing/Router.php(821): Illuminate/Pipeline/Pipeline->then(Object(Closure))
#24 C:/xampp/htdocs/Semester 6/analitik dan visualisasi data/Pertemuan 11/Analitik-Virtualisasi-Data/vendor/laravel/framework/src/Illuminate/Routing/Router.php(800): Illuminate/Routing/Router->runRouteWithinStack(Object(Illuminate/Routing/Route), Object(Illuminate/Http/Request))
#25 C:/xampp/htdocs/Semester 6/analitik dan visualisasi data/Pertemuan 11/Analitik-Virtualisasi-Data/vendor/laravel/framework/src/Illuminate/Routing/Router.php(764): Illuminate/Routing/Router->runRoute(Object(Illuminate/Http/Request), Object(Illuminate/Routing/Route))
#26 C:/xampp/htdocs/Semester 6/analitik dan visualisasi data/Pertemuan 11/Analitik-Virtualisasi-Data/vendor/laravel/framework/src/Illuminate/Routing/Router.php(753): Illuminate/Routing/Router->dispatchToRoute(Object(Illuminate/Http/Request))
#27 C:/xampp/htdocs/Semester 6/analitik dan visualisasi data/Pertemuan 11/Analitik-Virtualisasi-Data/vendor/laravel/framework/src/Illuminate/Foundation/Http/Kernel.php(200): Illuminate/Routing/Router->dispatch(Object(Illuminate/Http/Request))
#28 C:/xampp/htdocs/Semester 6/analitik dan visualisasi data/Pertemuan 11/Analitik-Virtualisasi-Data/vendor/laravel/framework/src/Illuminate/Pipeline/Pipeline.php(180): Illuminate/Foundation/Http/Kernel->Illuminate/Foundation/Http/{closure}(Object(Illuminate/Http/Request))
#29 C:/xampp/htdocs/Semester 6/analitik dan visualisasi data/Pertemuan 11/Analitik-Virtualisasi-Data/vendor/laravel/framework/src/Illuminate/Foundation/Http/Middleware/TransformsRequest.php(21): Illuminate/Pipeline/Pipeline->Illuminate/Pipeline/{closure}(Object(Illuminate/Http/Request))
#30 C:/xampp/htdocs/Semester 6/analitik dan visualisasi data/Pertemuan 11/Analitik-Virtualisasi-Data/vendor/laravel/framework/src/Illuminate/Foundation/Http/Middleware/ConvertEmptyStringsToNull.php(31): Illuminate/Foundation/Http/Middleware/TransformsRequest->handle(Object(Illuminate/Http/Request), Object(Closure))
#31 C:/xampp/htdocs/Semester 6/analitik dan visualisasi data/Pertemuan 11/Analitik-Virtualisasi-Data/vendor/laravel/framework/src/Illuminate/Pipeline/Pipeline.php(219): Illuminate/Foundation/Http/Middleware/ConvertEmptyStringsToNull->handle(Object(Illuminate/Http/Request), Object(Closure))
#32 C:/xampp/htdocs/Semester 6/analitik dan visualisasi data/Pertemuan 11/Analitik-Virtualisasi-Data/vendor/laravel/framework/src/Illuminate/Foundation/Http/Middleware/TransformsRequest.php(21): Illuminate/Pipeline/Pipeline->Illuminate/Pipeline/{closure}(Object(Illuminate/Http/Request))
#33 C:/xampp/htdocs/Semester 6/analitik dan visualisasi data/Pertemuan 11/Analitik-Virtualisasi-Data/vendor/laravel/framework/src/Illuminate/Foundation/Http/Middleware/TrimStrings.php(51): Illuminate/Foundation/Http/Middleware/TransformsRequest->handle(Object(Illuminate/Http/Request), Object(Closure))
#34 C:/xampp/htdocs/Semester 6/analitik dan visualisasi data/Pertemuan 11/Analitik-Virtualisasi-Data/vendor/laravel/framework/src/Illuminate/Pipeline/Pipeline.php(219): Illuminate/Foundation/Http/Middleware/TrimStrings->handle(Object(Illuminate/Http/Request), Object(Closure))
#35 C:/xampp/htdocs/Semester 6/analitik dan visualisasi data/Pertemuan 11/Analitik-Virtualisasi-Data/vendor/laravel/framework/src/Illuminate/Http/Middleware/ValidatePostSize.php(27): Illuminate/Pipeline/Pipeline->Illuminate/Pipeline/{closure}(Object(Illuminate/Http/Request))
#36 C:/xampp/htdocs/Semester 6/analitik dan visualisasi data/Pertemuan 11/Analitik-Virtualisasi-Data/vendor/laravel/framework/src/Illuminate/Pipeline/Pipeline.php(219): Illuminate/Http/Middleware/ValidatePostSize->handle(Object(Illuminate/Http/Request), Object(Closure))
#37 C:/xampp/htdocs/Semester 6/analitik dan visualisasi data/Pertemuan 11/Analitik-Virtualisasi-Data/vendor/laravel/framework/src/Illuminate/Foundation/Http/Middleware/PreventRequestsDuringMaintenance.php(109): Illuminate/Pipeline/Pipeline->Illuminate/Pipeline/{closure}(Object(Illuminate/Http/Request))
#38 C:/xampp/htdocs/Semester 6/analitik dan visualisasi data/Pertemuan 11/Analitik-Virtualisasi-Data/vendor/laravel/framework/src/Illuminate/Pipeline/Pipeline.php(219): Illuminate/Foundation/Http/Middleware/PreventRequestsDuringMaintenance->handle(Object(Illuminate/Http/Request), Object(Closure))
#39 C:/xampp/htdocs/Semester 6/analitik dan visualisasi data/Pertemuan 11/Analitik-Virtualisasi-Data/vendor/laravel/framework/src/Illuminate/Http/Middleware/HandleCors.php(61): Illuminate/Pipeline/Pipeline->Illuminate/Pipeline/{closure}(Object(Illuminate/Http/Request))
#40 C:/xampp/htdocs/Semester 6/analitik dan visualisasi data/Pertemuan 11/Analitik-Virtualisasi-Data/vendor/laravel/framework/src/Illuminate/Pipeline/Pipeline.php(219): Illuminate/Http/Middleware/HandleCors->handle(Object(Illuminate/Http/Request), Object(Closure))
#41 C:/xampp/htdocs/Semester 6/analitik dan visualisasi data/Pertemuan 11/Analitik-Virtualisasi-Data/vendor/laravel/framework/src/Illuminate/Http/Middleware/TrustProxies.php(58): Illuminate/Pipeline/Pipeline->Illuminate/Pipeline/{closure}(Object(Illuminate/Http/Request))
#42 C:/xampp/htdocs/Semester 6/analitik dan visualisasi data/Pertemuan 11/Analitik-Virtualisasi-Data/vendor/laravel/framework/src/Illuminate/Pipeline/Pipeline.php(219): Illuminate/Http/Middleware/TrustProxies->handle(Object(Illuminate/Http/Request), Object(Closure))
#43 C:/xampp/htdocs/Semester 6/analitik dan visualisasi data/Pertemuan 11/Analitik-Virtualisasi-Data/vendor/laravel/framework/src/Illuminate/Foundation/Http/Middleware/InvokeDeferredCallbacks.php(22): Illuminate/Pipeline/Pipeline->Illuminate/Pipeline/{closure}(Object(Illuminate/Http/Request))
#44 C:/xampp/htdocs/Semester 6/analitik dan visualisasi data/Pertemuan 11/Analitik-Virtualisasi-Data/vendor/laravel/framework/src/Illuminate/Pipeline/Pipeline.php(219): Illuminate/Foundation/Http/Middleware/InvokeDeferredCallbacks->handle(Object(Illuminate/Http/Request), Object(Closure))
#45 C:/xampp/htdocs/Semester 6/analitik dan visualisasi data/Pertemuan 11/Analitik-Virtualisasi-Data/vendor/laravel/framework/src/Illuminate/Http/Middleware/ValidatePathEncoding.php(28): Illuminate/Pipeline/Pipeline->Illuminate/Pipeline/{closure}(Object(Illuminate/Http/Request))
#46 C:/xampp/htdocs/Semester 6/analitik dan visualisasi data/Pertemuan 11/Analitik-Virtualisasi-Data/vendor/laravel/framework/src/Illuminate/Pipeline/Pipeline.php(219): Illuminate/Http/Middleware/ValidatePathEncoding->handle(Object(Illuminate/Http/Request), Object(Closure))
#47 C:/xampp/htdocs/Semester 6/analitik dan visualisasi data/Pertemuan 11/Analitik-Virtualisasi-Data/vendor/laravel/framework/src/Illuminate/Pipeline/Pipeline.php(137): Illuminate/Pipeline/Pipeline->Illuminate/Pipeline/{closure}(Object(Illuminate/Http/Request))
#48 C:/xampp/htdocs/Semester 6/analitik dan visualisasi data/Pertemuan 11/Analitik-Virtualisasi-Data/vendor/laravel/framework/src/Illuminate/Foundation/Http/Kernel.php(175): Illuminate/Pipeline/Pipeline->then(Object(Closure))
#49 C:/xampp/htdocs/Semester 6/analitik dan visualisasi data/Pertemuan 11/Analitik-Virtualisasi-Data/vendor/laravel/framework/src/Illuminate/Foundation/Http/Kernel.php(144): Illuminate/Foundation/Http/Kernel->sendRequestThroughRouter(Object(Illuminate/Http/Request))
#50 C:/xampp/htdocs/Semester 6/analitik dan visualisasi data/Pertemuan 11/Analitik-Virtualisasi-Data/vendor/laravel/framework/src/Illuminate/Foundation/Application.php(1220): Illuminate/Foundation/Http/Kernel->handle(Object(Illuminate/Http/Request))
#51 C:/xampp/htdocs/Semester 6/analitik dan visualisasi data/Pertemuan 11/Analitik-Virtualisasi-Data/public/index.php(20): Illuminate/Foundation/Application->handleRequest(Object(Illuminate/Http/Request))
#52 C:/xampp/htdocs/Semester 6/analitik dan visualisasi data/Pertemuan 11/Analitik-Virtualisasi-Data/vendor/laravel/framework/src/Illuminate/Foundation/resources/server.php(23): require_once('C://xampp//htdocs...')
#53 {main}
"} 
[2026-06-08 05:37:18] local.ERROR: Maximum execution time of 30 seconds exceeded {"exception":"[object] (Symfony\\Component\\ErrorHandler\\Error\\FatalError(code: 0): Maximum execution time of 30 seconds exceeded at C:/xampp/htdocs/Semester 6/analitik dan visualisasi data/Pertemuan 11/Analitik-Virtualisasi-Data/vendor/composer/ClassLoader.php:429)
[stacktrace]
#0 {main}
"} 
[2026-06-08 05:37:20] local.ERROR: Class "Illuminate\Routing\UrlGenerator" not found {"exception":"[object] (Error(code: 0): Class \"Illuminate\\Routing\\UrlGenerator\" not found at C:/xampp/htdocs/Semester 6/analitik dan visualisasi data/Pertemuan 11/Analitik-Virtualisasi-Data/vendor/laravel/framework/src/Illuminate/Routing/RoutingServiceProvider.php:63)
[stacktrace]
#0 C:/xampp/htdocs/Semester 6/analitik dan visualisasi data/Pertemuan 11/Analitik-Virtualisasi-Data/vendor/laravel/framework/src/Illuminate/Container/Container.php(1118): Illuminate/Routing/RoutingServiceProvider->Illuminate/Routing/{closure}(Object(Illuminate/Foundation/Application), Array)
#1 C:/xampp/htdocs/Semester 6/analitik dan visualisasi data/Pertemuan 11/Analitik-Virtualisasi-Data/vendor/laravel/framework/src/Illuminate/Container/Container.php(936): Illuminate/Container/Container->build(Object(Closure))
#2 C:/xampp/htdocs/Semester 6/analitik dan visualisasi data/Pertemuan 11/Analitik-Virtualisasi-Data/vendor/laravel/framework/src/Illuminate/Foundation/Application.php(1078): Illuminate/Container/Container->resolve('url', Array, true)
#3 C:/xampp/htdocs/Semester 6/analitik dan visualisasi data/Pertemuan 11/Analitik-Virtualisasi-Data/vendor/laravel/framework/src/Illuminate/Container/Container.php(864): Illuminate/Foundation/Application->resolve('url', Array)
#4 C:/xampp/htdocs/Semester 6/analitik dan visualisasi data/Pertemuan 11/Analitik-Virtualisasi-Data/vendor/laravel/framework/src/Illuminate/Foundation/Application.php(1058): Illuminate/Container/Container->make('url', Array)
#5 C:/xampp/htdocs/Semester 6/analitik dan visualisasi data/Pertemuan 11/Analitik-Virtualisasi-Data/vendor/laravel/framework/src/Illuminate/Container/Container.php(1810): Illuminate/Foundation/Application->make('url')
#6 C:/xampp/htdocs/Semester 6/analitik dan visualisasi data/Pertemuan 11/Analitik-Virtualisasi-Data/vendor/laravel/framework/src/Illuminate/Routing/RoutingServiceProvider.php(115): Illuminate/Container/Container->offsetGet('url')
#7 C:/xampp/htdocs/Semester 6/analitik dan visualisasi data/Pertemuan 11/Analitik-Virtualisasi-Data/vendor/laravel/framework/src/Illuminate/Container/Container.php(1118): Illuminate/Routing/RoutingServiceProvider->Illuminate/Routing/{closure}(Object(Illuminate/Foundation/Application), Array)
#8 C:/xampp/htdocs/Semester 6/analitik dan visualisasi data/Pertemuan 11/Analitik-Virtualisasi-Data/vendor/laravel/framework/src/Illuminate/Container/Container.php(936): Illuminate/Container/Container->build(Object(Closure))
#9 C:/xampp/htdocs/Semester 6/analitik dan visualisasi data/Pertemuan 11/Analitik-Virtualisasi-Data/vendor/laravel/framework/src/Illuminate/Foundation/Application.php(1078): Illuminate/Container/Container->resolve('redirect', Array, true)
#10 C:/xampp/htdocs/Semester 6/analitik dan visualisasi data/Pertemuan 11/Analitik-Virtualisasi-Data/vendor/laravel/framework/src/Illuminate/Container/Container.php(864): Illuminate/Foundation/Application->resolve('redirect', Array)
#11 C:/xampp/htdocs/Semester 6/analitik dan visualisasi data/Pertemuan 11/Analitik-Virtualisasi-Data/vendor/laravel/framework/src/Illuminate/Foundation/Application.php(1058): Illuminate/Container/Container->make('redirect', Array)
#12 C:/xampp/htdocs/Semester 6/analitik dan visualisasi data/Pertemuan 11/Analitik-Virtualisasi-Data/vendor/laravel/framework/src/Illuminate/Container/Container.php(1810): Illuminate/Foundation/Application->make('redirect')
#13 C:/xampp/htdocs/Semester 6/analitik dan visualisasi data/Pertemuan 11/Analitik-Virtualisasi-Data/vendor/laravel/framework/src/Illuminate/Routing/RoutingServiceProvider.php(181): Illuminate/Container/Container->offsetGet('redirect')
#14 C:/xampp/htdocs/Semester 6/analitik dan visualisasi data/Pertemuan 11/Analitik-Virtualisasi-Data/vendor/laravel/framework/src/Illuminate/Container/Container.php(1118): Illuminate/Routing/RoutingServiceProvider->Illuminate/Routing/{closure}(Object(Illuminate/Foundation/Application), Array)
#15 C:/xampp/htdocs/Semester 6/analitik dan visualisasi data/Pertemuan 11/Analitik-Virtualisasi-Data/vendor/laravel/framework/src/Illuminate/Container/Container.php(936): Illuminate/Container/Container->build(Object(Closure))
#16 C:/xampp/htdocs/Semester 6/analitik dan visualisasi data/Pertemuan 11/Analitik-Virtualisasi-Data/vendor/laravel/framework/src/Illuminate/Foundation/Application.php(1078): Illuminate/Container/Container->resolve('Illuminate//Cont...', Array, true)
#17 C:/xampp/htdocs/Semester 6/analitik dan visualisasi data/Pertemuan 11/Analitik-Virtualisasi-Data/vendor/laravel/framework/src/Illuminate/Container/Container.php(864): Illuminate/Foundation/Application->resolve('Illuminate//Cont...', Array)
#18 C:/xampp/htdocs/Semester 6/analitik dan visualisasi data/Pertemuan 11/Analitik-Virtualisasi-Data/vendor/laravel/framework/src/Illuminate/Foundation/Application.php(1058): Illuminate/Container/Container->make('Illuminate//Cont...', Array)
#19 C:/xampp/htdocs/Semester 6/analitik dan visualisasi data/Pertemuan 11/Analitik-Virtualisasi-Data/vendor/laravel/framework/src/Illuminate/Foundation/helpers.php(138): Illuminate/Foundation/Application->make('Illuminate//Cont...', Array)
#20 C:/xampp/htdocs/Semester 6/analitik dan visualisasi data/Pertemuan 11/Analitik-Virtualisasi-Data/vendor/laravel/framework/src/Illuminate/Foundation/helpers.php(850): app('Illuminate//Cont...')
#21 C:/xampp/htdocs/Semester 6/analitik dan visualisasi data/Pertemuan 11/Analitik-Virtualisasi-Data/vendor/laravel/framework/src/Illuminate/Foundation/Exceptions/Handler.php(1033): response('<!DOCTYPE html>...', 500, Array)
#22 C:/xampp/htdocs/Semester 6/analitik dan visualisasi data/Pertemuan 11/Analitik-Virtualisasi-Data/vendor/laravel/framework/src/Illuminate/Foundation/Exceptions/Handler.php(883): Illuminate/Foundation/Exceptions/Handler->toIlluminateResponse(Object(Symfony/Component/HttpFoundation/Response), Object(Symfony/Component/ErrorHandler/Error/FatalError))
#23 C:/xampp/htdocs/Semester 6/analitik dan visualisasi data/Pertemuan 11/Analitik-Virtualisasi-Data/vendor/laravel/framework/src/Illuminate/Foundation/Exceptions/Handler.php(774): Illuminate/Foundation/Exceptions/Handler->prepareResponse(Object(Illuminate/Http/Request), Object(Symfony/Component/ErrorHandler/Error/FatalError))
#24 C:/xampp/htdocs/Semester 6/analitik dan visualisasi data/Pertemuan 11/Analitik-Virtualisasi-Data/vendor/laravel/framework/src/Illuminate/Foundation/Exceptions/Handler.php(661): Illuminate/Foundation/Exceptions/Handler->renderExceptionResponse(Object(Illuminate/Http/Request), Object(Symfony/Component/ErrorHandler/Error/FatalError))
#25 C:/xampp/htdocs/Semester 6/analitik dan visualisasi data/Pertemuan 11/Analitik-Virtualisasi-Data/vendor/laravel/framework/src/Illuminate/Foundation/Bootstrap/HandleExceptions.php(221): Illuminate/Foundation/Exceptions/Handler->render(Object(Illuminate/Http/Request), Object(Symfony/Component/ErrorHandler/Error/FatalError))
#26 C:/xampp/htdocs/Semester 6/analitik dan visualisasi data/Pertemuan 11/Analitik-Virtualisasi-Data/vendor/laravel/framework/src/Illuminate/Foundation/Bootstrap/HandleExceptions.php(198): Illuminate/Foundation/Bootstrap/HandleExceptions->renderHttpResponse(Object(Symfony/Component/ErrorHandler/Error/FatalError))
#27 C:/xampp/htdocs/Semester 6/analitik dan visualisasi data/Pertemuan 11/Analitik-Virtualisasi-Data/vendor/laravel/framework/src/Illuminate/Foundation/Bootstrap/HandleExceptions.php(234): Illuminate/Foundation/Bootstrap/HandleExceptions->handleException(Object(Symfony/Component/ErrorHandler/Error/FatalError))
#28 C:/xampp/htdocs/Semester 6/analitik dan visualisasi data/Pertemuan 11/Analitik-Virtualisasi-Data/vendor/laravel/framework/src/Illuminate/Foundation/Bootstrap/HandleExceptions.php(258): Illuminate/Foundation/Bootstrap/HandleExceptions->handleShutdown()
#29 [internal function]: Illuminate/Foundation/Bootstrap/HandleExceptions->Illuminate/Foundation/Bootstrap/{closure}()
#30 {main}
"} 
[2026-06-08 05:37:31] local.ERROR: SQLSTATE[42S02]: Base table or view not found: 1146 Table 'analitik_pertemuan11.sessions' doesn't exist (Connection: mysql, Host: 127.0.0.1, Port: 3306, Database: analitik_pertemuan11, SQL: select * from `sessions` where `id` = MmNWebE0VX2Hdxl5vw5F7Eg6FL1uSqTTmRjwFRch limit 1) {"exception":"[object] (Illuminate\\Database\\QueryException(code: 42S02): SQLSTATE[42S02]: Base table or view not found: 1146 Table 'analitik_pertemuan11.sessions' doesn't exist (Connection: mysql, Host: 127.0.0.1, Port: 3306, Database: analitik_pertemuan11, SQL: select * from `sessions` where `id` = MmNWebE0VX2Hdxl5vw5F7Eg6FL1uSqTTmRjwFRch limit 1) at C:/xampp/htdocs/Semester 6/analitik dan visualisasi data/Pertemuan 11/Analitik-Virtualisasi-Data/vendor/laravel/framework/src/Illuminate/Database/Connection.php:841)
[stacktrace]
#0 C:/xampp/htdocs/Semester 6/analitik dan visualisasi data/Pertemuan 11/Analitik-Virtualisasi-Data/vendor/laravel/framework/src/Illuminate/Database/Connection.php(797): Illuminate/Database/Connection->runQueryCallback('select * from `...', Array, Object(Closure))
#1 C:/xampp/htdocs/Semester 6/analitik dan visualisasi data/Pertemuan 11/Analitik-Virtualisasi-Data/vendor/laravel/framework/src/Illuminate/Database/Connection.php(412): Illuminate/Database/Connection->run('select * from `...', Array, Object(Closure))
#2 C:/xampp/htdocs/Semester 6/analitik dan visualisasi data/Pertemuan 11/Analitik-Virtualisasi-Data/vendor/laravel/framework/src/Illuminate/Database/Query/Builder.php(3562): Illuminate/Database/Connection->select('select * from `...', Array, false, Array)
#3 C:/xampp/htdocs/Semester 6/analitik dan visualisasi data/Pertemuan 11/Analitik-Virtualisasi-Data/vendor/laravel/framework/src/Illuminate/Database/Query/Builder.php(3546): Illuminate/Database/Query/Builder->runSelect()
#4 C:/xampp/htdocs/Semester 6/analitik dan visualisasi data/Pertemuan 11/Analitik-Virtualisasi-Data/vendor/laravel/framework/src/Illuminate/Database/Concerns/BuildsQueries.php(367): Illuminate/Database/Query/Builder->get(Array)
#5 C:/xampp/htdocs/Semester 6/analitik dan visualisasi data/Pertemuan 11/Analitik-Virtualisasi-Data/vendor/laravel/framework/src/Illuminate/Database/Query/Builder.php(3464): Illuminate/Database/Query/Builder->first(Array)
#6 C:/xampp/htdocs/Semester 6/analitik dan visualisasi data/Pertemuan 11/Analitik-Virtualisasi-Data/vendor/laravel/framework/src/Illuminate/Session/DatabaseSessionHandler.php(96): Illuminate/Database/Query/Builder->find('MmNWebE0VX2Hdxl...')
#7 C:/xampp/htdocs/Semester 6/analitik dan visualisasi data/Pertemuan 11/Analitik-Virtualisasi-Data/vendor/laravel/framework/src/Illuminate/Session/Store.php(128): Illuminate/Session/DatabaseSessionHandler->read('MmNWebE0VX2Hdxl...')
#8 C:/xampp/htdocs/Semester 6/analitik dan visualisasi data/Pertemuan 11/Analitik-Virtualisasi-Data/vendor/laravel/framework/src/Illuminate/Session/Store.php(116): Illuminate/Session/Store->readFromHandler()
#9 C:/xampp/htdocs/Semester 6/analitik dan visualisasi data/Pertemuan 11/Analitik-Virtualisasi-Data/vendor/laravel/framework/src/Illuminate/Session/Store.php(100): Illuminate/Session/Store->loadSession()
#10 C:/xampp/htdocs/Semester 6/analitik dan visualisasi data/Pertemuan 11/Analitik-Virtualisasi-Data/vendor/laravel/framework/src/Illuminate/Session/Middleware/StartSession.php(146): Illuminate/Session/Store->start()
#11 C:/xampp/htdocs/Semester 6/analitik dan visualisasi data/Pertemuan 11/Analitik-Virtualisasi-Data/vendor/laravel/framework/src/Illuminate/Support/helpers.php(393): Illuminate/Session/Middleware/StartSession->Illuminate/Session/Middleware/{closure}(Object(Illuminate/Session/Store))
#12 C:/xampp/htdocs/Semester 6/analitik dan visualisasi data/Pertemuan 11/Analitik-Virtualisasi-Data/vendor/laravel/framework/src/Illuminate/Session/Middleware/StartSession.php(143): tap(Object(Illuminate/Session/Store), Object(Closure))
#13 C:/xampp/htdocs/Semester 6/analitik dan visualisasi data/Pertemuan 11/Analitik-Virtualisasi-Data/vendor/laravel/framework/src/Illuminate/Session/Middleware/StartSession.php(115): Illuminate/Session/Middleware/StartSession->startSession(Object(Illuminate/Http/Request), Object(Illuminate/Session/Store))
#14 C:/xampp/htdocs/Semester 6/analitik dan visualisasi data/Pertemuan 11/Analitik-Virtualisasi-Data/vendor/laravel/framework/src/Illuminate/Session/Middleware/StartSession.php(63): Illuminate/Session/Middleware/StartSession->handleStatefulRequest(Object(Illuminate/Http/Request), Object(Illuminate/Session/Store), Object(Closure))
#15 C:/xampp/htdocs/Semester 6/analitik dan visualisasi data/Pertemuan 11/Analitik-Virtualisasi-Data/vendor/laravel/framework/src/Illuminate/Pipeline/Pipeline.php(219): Illuminate/Session/Middleware/StartSession->handle(Object(Illuminate/Http/Request), Object(Closure))
#16 C:/xampp/htdocs/Semester 6/analitik dan visualisasi data/Pertemuan 11/Analitik-Virtualisasi-Data/vendor/laravel/framework/src/Illuminate/Cookie/Middleware/AddQueuedCookiesToResponse.php(36): Illuminate/Pipeline/Pipeline->Illuminate/Pipeline/{closure}(Object(Illuminate/Http/Request))
#17 C:/xampp/htdocs/Semester 6/analitik dan visualisasi data/Pertemuan 11/Analitik-Virtualisasi-Data/vendor/laravel/framework/src/Illuminate/Pipeline/Pipeline.php(219): Illuminate/Cookie/Middleware/AddQueuedCookiesToResponse->handle(Object(Illuminate/Http/Request), Object(Closure))
#18 C:/xampp/htdocs/Semester 6/analitik dan visualisasi data/Pertemuan 11/Analitik-Virtualisasi-Data/vendor/laravel/framework/src/Illuminate/Cookie/Middleware/EncryptCookies.php(74): Illuminate/Pipeline/Pipeline->Illuminate/Pipeline/{closure}(Object(Illuminate/Http/Request))
#19 C:/xampp/htdocs/Semester 6/analitik dan visualisasi data/Pertemuan 11/Analitik-Virtualisasi-Data/vendor/laravel/framework/src/Illuminate/Pipeline/Pipeline.php(219): Illuminate/Cookie/Middleware/EncryptCookies->handle(Object(Illuminate/Http/Request), Object(Closure))
#20 C:/xampp/htdocs/Semester 6/analitik dan visualisasi data/Pertemuan 11/Analitik-Virtualisasi-Data/vendor/laravel/framework/src/Illuminate/Pipeline/Pipeline.php(137): Illuminate/Pipeline/Pipeline->Illuminate/Pipeline/{closure}(Object(Illuminate/Http/Request))
#21 C:/xampp/htdocs/Semester 6/analitik dan visualisasi data/Pertemuan 11/Analitik-Virtualisasi-Data/vendor/laravel/framework/src/Illuminate/Routing/Router.php(821): Illuminate/Pipeline/Pipeline->then(Object(Closure))
#22 C:/xampp/htdocs/Semester 6/analitik dan visualisasi data/Pertemuan 11/Analitik-Virtualisasi-Data/vendor/laravel/framework/src/Illuminate/Routing/Router.php(800): Illuminate/Routing/Router->runRouteWithinStack(Object(Illuminate/Routing/Route), Object(Illuminate/Http/Request))
#23 C:/xampp/htdocs/Semester 6/analitik dan visualisasi data/Pertemuan 11/Analitik-Virtualisasi-Data/vendor/laravel/framework/src/Illuminate/Routing/Router.php(764): Illuminate/Routing/Router->runRoute(Object(Illuminate/Http/Request), Object(Illuminate/Routing/Route))
#24 C:/xampp/htdocs/Semester 6/analitik dan visualisasi data/Pertemuan 11/Analitik-Virtualisasi-Data/vendor/laravel/framework/src/Illuminate/Routing/Router.php(753): Illuminate/Routing/Router->dispatchToRoute(Object(Illuminate/Http/Request))
#25 C:/xampp/htdocs/Semester 6/analitik dan visualisasi data/Pertemuan 11/Analitik-Virtualisasi-Data/vendor/laravel/framework/src/Illuminate/Foundation/Http/Kernel.php(200): Illuminate/Routing/Router->dispatch(Object(Illuminate/Http/Request))
#26 C:/xampp/htdocs/Semester 6/analitik dan visualisasi data/Pertemuan 11/Analitik-Virtualisasi-Data/vendor/laravel/framework/src/Illuminate/Pipeline/Pipeline.php(180): Illuminate/Foundation/Http/Kernel->Illuminate/Foundation/Http/{closure}(Object(Illuminate/Http/Request))
#27 C:/xampp/htdocs/Semester 6/analitik dan visualisasi data/Pertemuan 11/Analitik-Virtualisasi-Data/vendor/laravel/framework/src/Illuminate/Foundation/Http/Middleware/TransformsRequest.php(21): Illuminate/Pipeline/Pipeline->Illuminate/Pipeline/{closure}(Object(Illuminate/Http/Request))
#28 C:/xampp/htdocs/Semester 6/analitik dan visualisasi data/Pertemuan 11/Analitik-Virtualisasi-Data/vendor/laravel/framework/src/Illuminate/Foundation/Http/Middleware/ConvertEmptyStringsToNull.php(31): Illuminate/Foundation/Http/Middleware/TransformsRequest->handle(Object(Illuminate/Http/Request), Object(Closure))
#29 C:/xampp/htdocs/Semester 6/analitik dan visualisasi data/Pertemuan 11/Analitik-Virtualisasi-Data/vendor/laravel/framework/src/Illuminate/Pipeline/Pipeline.php(219): Illuminate/Foundation/Http/Middleware/ConvertEmptyStringsToNull->handle(Object(Illuminate/Http/Request), Object(Closure))
#30 C:/xampp/htdocs/Semester 6/analitik dan visualisasi data/Pertemuan 11/Analitik-Virtualisasi-Data/vendor/laravel/framework/src/Illuminate/Foundation/Http/Middleware/TransformsRequest.php(21): Illuminate/Pipeline/Pipeline->Illuminate/Pipeline/{closure}(Object(Illuminate/Http/Request))
#31 C:/xampp/htdocs/Semester 6/analitik dan visualisasi data/Pertemuan 11/Analitik-Virtualisasi-Data/vendor/laravel/framework/src/Illuminate/Foundation/Http/Middleware/TrimStrings.php(51): Illuminate/Foundation/Http/Middleware/TransformsRequest->handle(Object(Illuminate/Http/Request), Object(Closure))
#32 C:/xampp/htdocs/Semester 6/analitik dan visualisasi data/Pertemuan 11/Analitik-Virtualisasi-Data/vendor/laravel/framework/src/Illuminate/Pipeline/Pipeline.php(219): Illuminate/Foundation/Http/Middleware/TrimStrings->handle(Object(Illuminate/Http/Request), Object(Closure))
#33 C:/xampp/htdocs/Semester 6/analitik dan visualisasi data/Pertemuan 11/Analitik-Virtualisasi-Data/vendor/laravel/framework/src/Illuminate/Http/Middleware/ValidatePostSize.php(27): Illuminate/Pipeline/Pipeline->Illuminate/Pipeline/{closure}(Object(Illuminate/Http/Request))
#34 C:/xampp/htdocs/Semester 6/analitik dan visualisasi data/Pertemuan 11/Analitik-Virtualisasi-Data/vendor/laravel/framework/src/Illuminate/Pipeline/Pipeline.php(219): Illuminate/Http/Middleware/ValidatePostSize->handle(Object(Illuminate/Http/Request), Object(Closure))
#35 C:/xampp/htdocs/Semester 6/analitik dan visualisasi data/Pertemuan 11/Analitik-Virtualisasi-Data/vendor/laravel/framework/src/Illuminate/Foundation/Http/Middleware/PreventRequestsDuringMaintenance.php(109): Illuminate/Pipeline/Pipeline->Illuminate/Pipeline/{closure}(Object(Illuminate/Http/Request))
#36 C:/xampp/htdocs/Semester 6/analitik dan visualisasi data/Pertemuan 11/Analitik-Virtualisasi-Data/vendor/laravel/framework/src/Illuminate/Pipeline/Pipeline.php(219): Illuminate/Foundation/Http/Middleware/PreventRequestsDuringMaintenance->handle(Object(Illuminate/Http/Request), Object(Closure))
#37 C:/xampp/htdocs/Semester 6/analitik dan visualisasi data/Pertemuan 11/Analitik-Virtualisasi-Data/vendor/laravel/framework/src/Illuminate/Http/Middleware/HandleCors.php(61): Illuminate/Pipeline/Pipeline->Illuminate/Pipeline/{closure}(Object(Illuminate/Http/Request))
#38 C:/xampp/htdocs/Semester 6/analitik dan visualisasi data/Pertemuan 11/Analitik-Virtualisasi-Data/vendor/laravel/framework/src/Illuminate/Pipeline/Pipeline.php(219): Illuminate/Http/Middleware/HandleCors->handle(Object(Illuminate/Http/Request), Object(Closure))
#39 C:/xampp/htdocs/Semester 6/analitik dan visualisasi data/Pertemuan 11/Analitik-Virtualisasi-Data/vendor/laravel/framework/src/Illuminate/Http/Middleware/TrustProxies.php(58): Illuminate/Pipeline/Pipeline->Illuminate/Pipeline/{closure}(Object(Illuminate/Http/Request))
#40 C:/xampp/htdocs/Semester 6/analitik dan visualisasi data/Pertemuan 11/Analitik-Virtualisasi-Data/vendor/laravel/framework/src/Illuminate/Pipeline/Pipeline.php(219): Illuminate/Http/Middleware/TrustProxies->handle(Object(Illuminate/Http/Request), Object(Closure))
#41 C:/xampp/htdocs/Semester 6/analitik dan visualisasi data/Pertemuan 11/Analitik-Virtualisasi-Data/vendor/laravel/framework/src/Illuminate/Foundation/Http/Middleware/InvokeDeferredCallbacks.php(22): Illuminate/Pipeline/Pipeline->Illuminate/Pipeline/{closure}(Object(Illuminate/Http/Request))
#42 C:/xampp/htdocs/Semester 6/analitik dan visualisasi data/Pertemuan 11/Analitik-Virtualisasi-Data/vendor/laravel/framework/src/Illuminate/Pipeline/Pipeline.php(219): Illuminate/Foundation/Http/Middleware/InvokeDeferredCallbacks->handle(Object(Illuminate/Http/Request), Object(Closure))
#43 C:/xampp/htdocs/Semester 6/analitik dan visualisasi data/Pertemuan 11/Analitik-Virtualisasi-Data/vendor/laravel/framework/src/Illuminate/Http/Middleware/ValidatePathEncoding.php(28): Illuminate/Pipeline/Pipeline->Illuminate/Pipeline/{closure}(Object(Illuminate/Http/Request))
#44 C:/xampp/htdocs/Semester 6/analitik dan visualisasi data/Pertemuan 11/Analitik-Virtualisasi-Data/vendor/laravel/framework/src/Illuminate/Pipeline/Pipeline.php(219): Illuminate/Http/Middleware/ValidatePathEncoding->handle(Object(Illuminate/Http/Request), Object(Closure))
#45 C:/xampp/htdocs/Semester 6/analitik dan visualisasi data/Pertemuan 11/Analitik-Virtualisasi-Data/vendor/laravel/framework/src/Illuminate/Pipeline/Pipeline.php(137): Illuminate/Pipeline/Pipeline->Illuminate/Pipeline/{closure}(Object(Illuminate/Http/Request))
#46 C:/xampp/htdocs/Semester 6/analitik dan visualisasi data/Pertemuan 11/Analitik-Virtualisasi-Data/vendor/laravel/framework/src/Illuminate/Foundation/Http/Kernel.php(175): Illuminate/Pipeline/Pipeline->then(Object(Closure))
#47 C:/xampp/htdocs/Semester 6/analitik dan visualisasi data/Pertemuan 11/Analitik-Virtualisasi-Data/vendor/laravel/framework/src/Illuminate/Foundation/Http/Kernel.php(144): Illuminate/Foundation/Http/Kernel->sendRequestThroughRouter(Object(Illuminate/Http/Request))
#48 C:/xampp/htdocs/Semester 6/analitik dan visualisasi data/Pertemuan 11/Analitik-Virtualisasi-Data/vendor/laravel/framework/src/Illuminate/Foundation/Application.php(1220): Illuminate/Foundation/Http/Kernel->handle(Object(Illuminate/Http/Request))
#49 C:/xampp/htdocs/Semester 6/analitik dan visualisasi data/Pertemuan 11/Analitik-Virtualisasi-Data/public/index.php(20): Illuminate/Foundation/Application->handleRequest(Object(Illuminate/Http/Request))
#50 C:/xampp/htdocs/Semester 6/analitik dan visualisasi data/Pertemuan 11/Analitik-Virtualisasi-Data/vendor/laravel/framework/src/Illuminate/Foundation/resources/server.php(23): require_once('C://xampp//htdocs...')
#51 {main}

[previous exception] [object] (PDOException(code: 42S02): SQLSTATE[42S02]: Base table or view not found: 1146 Table 'analitik_pertemuan11.sessions' doesn't exist at C:/xampp/htdocs/Semester 6/analitik dan visualisasi data/Pertemuan 11/Analitik-Virtualisasi-Data/vendor/laravel/framework/src/Illuminate/Database/Connection.php:421)
[stacktrace]
#0 C:/xampp/htdocs/Semester 6/analitik dan visualisasi data/Pertemuan 11/Analitik-Virtualisasi-Data/vendor/laravel/framework/src/Illuminate/Database/Connection.php(421): PDO->prepare('select * from `...')
#1 C:/xampp/htdocs/Semester 6/analitik dan visualisasi data/Pertemuan 11/Analitik-Virtualisasi-Data/vendor/laravel/framework/src/Illuminate/Database/Connection.php(830): Illuminate/Database/Connection->Illuminate/Database/{closure}('select * from `...', Array)
#2 C:/xampp/htdocs/Semester 6/analitik dan visualisasi data/Pertemuan 11/Analitik-Virtualisasi-Data/vendor/laravel/framework/src/Illuminate/Database/Connection.php(797): Illuminate/Database/Connection->runQueryCallback('select * from `...', Array, Object(Closure))
#3 C:/xampp/htdocs/Semester 6/analitik dan visualisasi data/Pertemuan 11/Analitik-Virtualisasi-Data/vendor/laravel/framework/src/Illuminate/Database/Connection.php(412): Illuminate/Database/Connection->run('select * from `...', Array, Object(Closure))
#4 C:/xampp/htdocs/Semester 6/analitik dan visualisasi data/Pertemuan 11/Analitik-Virtualisasi-Data/vendor/laravel/framework/src/Illuminate/Database/Query/Builder.php(3562): Illuminate/Database/Connection->select('select * from `...', Array, false, Array)
#5 C:/xampp/htdocs/Semester 6/analitik dan visualisasi data/Pertemuan 11/Analitik-Virtualisasi-Data/vendor/laravel/framework/src/Illuminate/Database/Query/Builder.php(3546): Illuminate/Database/Query/Builder->runSelect()
#6 C:/xampp/htdocs/Semester 6/analitik dan visualisasi data/Pertemuan 11/Analitik-Virtualisasi-Data/vendor/laravel/framework/src/Illuminate/Database/Concerns/BuildsQueries.php(367): Illuminate/Database/Query/Builder->get(Array)
#7 C:/xampp/htdocs/Semester 6/analitik dan visualisasi data/Pertemuan 11/Analitik-Virtualisasi-Data/vendor/laravel/framework/src/Illuminate/Database/Query/Builder.php(3464): Illuminate/Database/Query/Builder->first(Array)
#8 C:/xampp/htdocs/Semester 6/analitik dan visualisasi data/Pertemuan 11/Analitik-Virtualisasi-Data/vendor/laravel/framework/src/Illuminate/Session/DatabaseSessionHandler.php(96): Illuminate/Database/Query/Builder->find('MmNWebE0VX2Hdxl...')
#9 C:/xampp/htdocs/Semester 6/analitik dan visualisasi data/Pertemuan 11/Analitik-Virtualisasi-Data/vendor/laravel/framework/src/Illuminate/Session/Store.php(128): Illuminate/Session/DatabaseSessionHandler->read('MmNWebE0VX2Hdxl...')
#10 C:/xampp/htdocs/Semester 6/analitik dan visualisasi data/Pertemuan 11/Analitik-Virtualisasi-Data/vendor/laravel/framework/src/Illuminate/Session/Store.php(116): Illuminate/Session/Store->readFromHandler()
#11 C:/xampp/htdocs/Semester 6/analitik dan visualisasi data/Pertemuan 11/Analitik-Virtualisasi-Data/vendor/laravel/framework/src/Illuminate/Session/Store.php(100): Illuminate/Session/Store->loadSession()
#12 C:/xampp/htdocs/Semester 6/analitik dan visualisasi data/Pertemuan 11/Analitik-Virtualisasi-Data/vendor/laravel/framework/src/Illuminate/Session/Middleware/StartSession.php(146): Illuminate/Session/Store->start()
#13 C:/xampp/htdocs/Semester 6/analitik dan visualisasi data/Pertemuan 11/Analitik-Virtualisasi-Data/vendor/laravel/framework/src/Illuminate/Support/helpers.php(393): Illuminate/Session/Middleware/StartSession->Illuminate/Session/Middleware/{closure}(Object(Illuminate/Session/Store))
#14 C:/xampp/htdocs/Semester 6/analitik dan visualisasi data/Pertemuan 11/Analitik-Virtualisasi-Data/vendor/laravel/framework/src/Illuminate/Session/Middleware/StartSession.php(143): tap(Object(Illuminate/Session/Store), Object(Closure))
#15 C:/xampp/htdocs/Semester 6/analitik dan visualisasi data/Pertemuan 11/Analitik-Virtualisasi-Data/vendor/laravel/framework/src/Illuminate/Session/Middleware/StartSession.php(115): Illuminate/Session/Middleware/StartSession->startSession(Object(Illuminate/Http/Request), Object(Illuminate/Session/Store))
#16 C:/xampp/htdocs/Semester 6/analitik dan visualisasi data/Pertemuan 11/Analitik-Virtualisasi-Data/vendor/laravel/framework/src/Illuminate/Session/Middleware/StartSession.php(63): Illuminate/Session/Middleware/StartSession->handleStatefulRequest(Object(Illuminate/Http/Request), Object(Illuminate/Session/Store), Object(Closure))
#17 C:/xampp/htdocs/Semester 6/analitik dan visualisasi data/Pertemuan 11/Analitik-Virtualisasi-Data/vendor/laravel/framework/src/Illuminate/Pipeline/Pipeline.php(219): Illuminate/Session/Middleware/StartSession->handle(Object(Illuminate/Http/Request), Object(Closure))
#18 C:/xampp/htdocs/Semester 6/analitik dan visualisasi data/Pertemuan 11/Analitik-Virtualisasi-Data/vendor/laravel/framework/src/Illuminate/Cookie/Middleware/AddQueuedCookiesToResponse.php(36): Illuminate/Pipeline/Pipeline->Illuminate/Pipeline/{closure}(Object(Illuminate/Http/Request))
#19 C:/xampp/htdocs/Semester 6/analitik dan visualisasi data/Pertemuan 11/Analitik-Virtualisasi-Data/vendor/laravel/framework/src/Illuminate/Pipeline/Pipeline.php(219): Illuminate/Cookie/Middleware/AddQueuedCookiesToResponse->handle(Object(Illuminate/Http/Request), Object(Closure))
#20 C:/xampp/htdocs/Semester 6/analitik dan visualisasi data/Pertemuan 11/Analitik-Virtualisasi-Data/vendor/laravel/framework/src/Illuminate/Cookie/Middleware/EncryptCookies.php(74): Illuminate/Pipeline/Pipeline->Illuminate/Pipeline/{closure}(Object(Illuminate/Http/Request))
#21 C:/xampp/htdocs/Semester 6/analitik dan visualisasi data/Pertemuan 11/Analitik-Virtualisasi-Data/vendor/laravel/framework/src/Illuminate/Pipeline/Pipeline.php(219): Illuminate/Cookie/Middleware/EncryptCookies->handle(Object(Illuminate/Http/Request), Object(Closure))
#22 C:/xampp/htdocs/Semester 6/analitik dan visualisasi data/Pertemuan 11/Analitik-Virtualisasi-Data/vendor/laravel/framework/src/Illuminate/Pipeline/Pipeline.php(137): Illuminate/Pipeline/Pipeline->Illuminate/Pipeline/{closure}(Object(Illuminate/Http/Request))
#23 C:/xampp/htdocs/Semester 6/analitik dan visualisasi data/Pertemuan 11/Analitik-Virtualisasi-Data/vendor/laravel/framework/src/Illuminate/Routing/Router.php(821): Illuminate/Pipeline/Pipeline->then(Object(Closure))
#24 C:/xampp/htdocs/Semester 6/analitik dan visualisasi data/Pertemuan 11/Analitik-Virtualisasi-Data/vendor/laravel/framework/src/Illuminate/Routing/Router.php(800): Illuminate/Routing/Router->runRouteWithinStack(Object(Illuminate/Routing/Route), Object(Illuminate/Http/Request))
#25 C:/xampp/htdocs/Semester 6/analitik dan visualisasi data/Pertemuan 11/Analitik-Virtualisasi-Data/vendor/laravel/framework/src/Illuminate/Routing/Router.php(764): Illuminate/Routing/Router->runRoute(Object(Illuminate/Http/Request), Object(Illuminate/Routing/Route))
#26 C:/xampp/htdocs/Semester 6/analitik dan visualisasi data/Pertemuan 11/Analitik-Virtualisasi-Data/vendor/laravel/framework/src/Illuminate/Routing/Router.php(753): Illuminate/Routing/Router->dispatchToRoute(Object(Illuminate/Http/Request))
#27 C:/xampp/htdocs/Semester 6/analitik dan visualisasi data/Pertemuan 11/Analitik-Virtualisasi-Data/vendor/laravel/framework/src/Illuminate/Foundation/Http/Kernel.php(200): Illuminate/Routing/Router->dispatch(Object(Illuminate/Http/Request))
#28 C:/xampp/htdocs/Semester 6/analitik dan visualisasi data/Pertemuan 11/Analitik-Virtualisasi-Data/vendor/laravel/framework/src/Illuminate/Pipeline/Pipeline.php(180): Illuminate/Foundation/Http/Kernel->Illuminate/Foundation/Http/{closure}(Object(Illuminate/Http/Request))
#29 C:/xampp/htdocs/Semester 6/analitik dan visualisasi data/Pertemuan 11/Analitik-Virtualisasi-Data/vendor/laravel/framework/src/Illuminate/Foundation/Http/Middleware/TransformsRequest.php(21): Illuminate/Pipeline/Pipeline->Illuminate/Pipeline/{closure}(Object(Illuminate/Http/Request))
#30 C:/xampp/htdocs/Semester 6/analitik dan visualisasi data/Pertemuan 11/Analitik-Virtualisasi-Data/vendor/laravel/framework/src/Illuminate/Foundation/Http/Middleware/ConvertEmptyStringsToNull.php(31): Illuminate/Foundation/Http/Middleware/TransformsRequest->handle(Object(Illuminate/Http/Request), Object(Closure))
#31 C:/xampp/htdocs/Semester 6/analitik dan visualisasi data/Pertemuan 11/Analitik-Virtualisasi-Data/vendor/laravel/framework/src/Illuminate/Pipeline/Pipeline.php(219): Illuminate/Foundation/Http/Middleware/ConvertEmptyStringsToNull->handle(Object(Illuminate/Http/Request), Object(Closure))
#32 C:/xampp/htdocs/Semester 6/analitik dan visualisasi data/Pertemuan 11/Analitik-Virtualisasi-Data/vendor/laravel/framework/src/Illuminate/Foundation/Http/Middleware/TransformsRequest.php(21): Illuminate/Pipeline/Pipeline->Illuminate/Pipeline/{closure}(Object(Illuminate/Http/Request))
#33 C:/xampp/htdocs/Semester 6/analitik dan visualisasi data/Pertemuan 11/Analitik-Virtualisasi-Data/vendor/laravel/framework/src/Illuminate/Foundation/Http/Middleware/TrimStrings.php(51): Illuminate/Foundation/Http/Middleware/TransformsRequest->handle(Object(Illuminate/Http/Request), Object(Closure))
#34 C:/xampp/htdocs/Semester 6/analitik dan visualisasi data/Pertemuan 11/Analitik-Virtualisasi-Data/vendor/laravel/framework/src/Illuminate/Pipeline/Pipeline.php(219): Illuminate/Foundation/Http/Middleware/TrimStrings->handle(Object(Illuminate/Http/Request), Object(Closure))
#35 C:/xampp/htdocs/Semester 6/analitik dan visualisasi data/Pertemuan 11/Analitik-Virtualisasi-Data/vendor/laravel/framework/src/Illuminate/Http/Middleware/ValidatePostSize.php(27): Illuminate/Pipeline/Pipeline->Illuminate/Pipeline/{closure}(Object(Illuminate/Http/Request))
#36 C:/xampp/htdocs/Semester 6/analitik dan visualisasi data/Pertemuan 11/Analitik-Virtualisasi-Data/vendor/laravel/framework/src/Illuminate/Pipeline/Pipeline.php(219): Illuminate/Http/Middleware/ValidatePostSize->handle(Object(Illuminate/Http/Request), Object(Closure))
#37 C:/xampp/htdocs/Semester 6/analitik dan visualisasi data/Pertemuan 11/Analitik-Virtualisasi-Data/vendor/laravel/framework/src/Illuminate/Foundation/Http/Middleware/PreventRequestsDuringMaintenance.php(109): Illuminate/Pipeline/Pipeline->Illuminate/Pipeline/{closure}(Object(Illuminate/Http/Request))
#38 C:/xampp/htdocs/Semester 6/analitik dan visualisasi data/Pertemuan 11/Analitik-Virtualisasi-Data/vendor/laravel/framework/src/Illuminate/Pipeline/Pipeline.php(219): Illuminate/Foundation/Http/Middleware/PreventRequestsDuringMaintenance->handle(Object(Illuminate/Http/Request), Object(Closure))
#39 C:/xampp/htdocs/Semester 6/analitik dan visualisasi data/Pertemuan 11/Analitik-Virtualisasi-Data/vendor/laravel/framework/src/Illuminate/Http/Middleware/HandleCors.php(61): Illuminate/Pipeline/Pipeline->Illuminate/Pipeline/{closure}(Object(Illuminate/Http/Request))
#40 C:/xampp/htdocs/Semester 6/analitik dan visualisasi data/Pertemuan 11/Analitik-Virtualisasi-Data/vendor/laravel/framework/src/Illuminate/Pipeline/Pipeline.php(219): Illuminate/Http/Middleware/HandleCors->handle(Object(Illuminate/Http/Request), Object(Closure))
#41 C:/xampp/htdocs/Semester 6/analitik dan visualisasi data/Pertemuan 11/Analitik-Virtualisasi-Data/vendor/laravel/framework/src/Illuminate/Http/Middleware/TrustProxies.php(58): Illuminate/Pipeline/Pipeline->Illuminate/Pipeline/{closure}(Object(Illuminate/Http/Request))
#42 C:/xampp/htdocs/Semester 6/analitik dan visualisasi data/Pertemuan 11/Analitik-Virtualisasi-Data/vendor/laravel/framework/src/Illuminate/Pipeline/Pipeline.php(219): Illuminate/Http/Middleware/TrustProxies->handle(Object(Illuminate/Http/Request), Object(Closure))
#43 C:/xampp/htdocs/Semester 6/analitik dan visualisasi data/Pertemuan 11/Analitik-Virtualisasi-Data/vendor/laravel/framework/src/Illuminate/Foundation/Http/Middleware/InvokeDeferredCallbacks.php(22): Illuminate/Pipeline/Pipeline->Illuminate/Pipeline/{closure}(Object(Illuminate/Http/Request))
#44 C:/xampp/htdocs/Semester 6/analitik dan visualisasi data/Pertemuan 11/Analitik-Virtualisasi-Data/vendor/laravel/framework/src/Illuminate/Pipeline/Pipeline.php(219): Illuminate/Foundation/Http/Middleware/InvokeDeferredCallbacks->handle(Object(Illuminate/Http/Request), Object(Closure))
#45 C:/xampp/htdocs/Semester 6/analitik dan visualisasi data/Pertemuan 11/Analitik-Virtualisasi-Data/vendor/laravel/framework/src/Illuminate/Http/Middleware/ValidatePathEncoding.php(28): Illuminate/Pipeline/Pipeline->Illuminate/Pipeline/{closure}(Object(Illuminate/Http/Request))
#46 C:/xampp/htdocs/Semester 6/analitik dan visualisasi data/Pertemuan 11/Analitik-Virtualisasi-Data/vendor/laravel/framework/src/Illuminate/Pipeline/Pipeline.php(219): Illuminate/Http/Middleware/ValidatePathEncoding->handle(Object(Illuminate/Http/Request), Object(Closure))
#47 C:/xampp/htdocs/Semester 6/analitik dan visualisasi data/Pertemuan 11/Analitik-Virtualisasi-Data/vendor/laravel/framework/src/Illuminate/Pipeline/Pipeline.php(137): Illuminate/Pipeline/Pipeline->Illuminate/Pipeline/{closure}(Object(Illuminate/Http/Request))
#48 C:/xampp/htdocs/Semester 6/analitik dan visualisasi data/Pertemuan 11/Analitik-Virtualisasi-Data/vendor/laravel/framework/src/Illuminate/Foundation/Http/Kernel.php(175): Illuminate/Pipeline/Pipeline->then(Object(Closure))
#49 C:/xampp/htdocs/Semester 6/analitik dan visualisasi data/Pertemuan 11/Analitik-Virtualisasi-Data/vendor/laravel/framework/src/Illuminate/Foundation/Http/Kernel.php(144): Illuminate/Foundation/Http/Kernel->sendRequestThroughRouter(Object(Illuminate/Http/Request))
#50 C:/xampp/htdocs/Semester 6/analitik dan visualisasi data/Pertemuan 11/Analitik-Virtualisasi-Data/vendor/laravel/framework/src/Illuminate/Foundation/Application.php(1220): Illuminate/Foundation/Http/Kernel->handle(Object(Illuminate/Http/Request))
#51 C:/xampp/htdocs/Semester 6/analitik dan visualisasi data/Pertemuan 11/Analitik-Virtualisasi-Data/public/index.php(20): Illuminate/Foundation/Application->handleRequest(Object(Illuminate/Http/Request))
#52 C:/xampp/htdocs/Semester 6/analitik dan visualisasi data/Pertemuan 11/Analitik-Virtualisasi-Data/vendor/laravel/framework/src/Illuminate/Foundation/resources/server.php(23): require_once('C://xampp//htdocs...')
#53 {main}
"} 
